
> planet@0.23.33 start
> ng serve


Warning: This is a simple server for use in testing or debugging Angular applications
locally. It hasn't been reviewed for security issues.

Binding this server to an open connection can result in compromising your application or
computer. Using a different host than the one passed to the "--host" flag might result in
websocket connection issues. You might need to use "--disable-host-check" if that's the
case.

❯ Building...
One or more browsers which are configured in the project's Browserslist configuration will be ignored as ES5 output is not supported by the Angular CLI.
Ignored browsers:
kaios 2.5, op_mini all
One or more browsers which are configured in the project's Browserslist configuration fall outside Angular's browser support for this version.
Unsupported browsers:
and_qq 14.9, and_uc 15.5, android 149, ios_saf 26.5, kaios 3.0-3.1, op_mob 80, opera 131, opera 127, safari 26.5, samsung 30, samsung 29
✔ Building...
Initial chunk files                  | Names                    |  Raw size
chunk-QMU4YQX7.js                    | -                        |   1.01 MB |
styles.css                           | styles                   | 513.61 kB |
chunk-477QWWN4.js                    | -                        |  95.61 kB |
chunk-V5L7YISW.js                    | -                        |  89.36 kB |
main.js                              | main                     |  13.77 kB |
chunk-7EAWSCEA.js                    | -                        |   1.68 kB |
polyfills.js                         | polyfills                | 192 bytes |

                                     | Initial total            |   1.73 MB

Lazy chunk files                     | Names                    |  Raw size
manager-dashboard.module-SFA6L7JI.js | manager-dashboard-module | 663.53 kB |
chunk-E2PVZEDT.js                    | -                        | 494.06 kB |
chunk-CIGX4RYR.js                    | -                        | 445.54 kB |
chunk-T3KPIRI5.js                    | -                        | 319.57 kB |
home.module-5GZXBRX6.js              | home-module              | 264.99 kB |
chunk-VS6YPRA5.js                    | -                        | 255.55 kB |
chunk-JLF4QFOT.js                    | -                        | 219.27 kB |
health.module-ROCPNIQ3.js            | health-module            | 157.11 kB |
chunk-OGEOX5GC.js                    | -                        | 141.88 kB |
chunk-BLA3Q7CD.js                    | -                        | 117.28 kB |
chunk-OAWFUIRZ.js                    | -                        | 105.42 kB |
feedback.module-SLIVNZKV.js          | feedback-module          | 102.50 kB |
chunk-XTTV4CNV.js                    | -                        |  92.73 kB |
chunk-WXHVWPVG.js                    | -                        |  72.61 kB |
certifications.module-O4LKIPIW.js    | certifications-module    |  66.13 kB |
...and 18 more lazy chunks files. Use "--verbose" to show all the files.

Application bundle generation complete. [26.788 seconds] - 2026-07-07T18:54:31.427Z

Watch mode enabled. Watching for file changes...
NOTE: Raw file sizes do not reflect development server per-request transformations.
One or more browsers which are configured in the project's Browserslist configuration will be ignored as ES5 output is not supported by the Angular CLI.
Ignored browsers:
kaios 2.5, op_mini all
One or more browsers which are configured in the project's Browserslist configuration fall outside Angular's browser support for this version.
Unsupported browsers:
and_qq 14.9, and_uc 15.5, android 149, ios_saf 26.5, kaios 3.0-3.1, op_mob 80, opera 131, opera 127, safari 26.5, samsung 30, samsung 29
  ➜  Local:   http://localhost:3000/
  ➜  Network: http://192.168.0.2:3000/
